-------------------------------------------------------------------------------
Test set: StepDefinations.TestRunnerForHooks
-------------------------------------------------------------------------------
Tests run: 2, Failures: 0, Errors: 1, Skipped: 0, Time elapsed: 2.476 s <<< FAILURE! - in StepDefinations.TestRunnerForHooks
 #2(Check login functionality)  Time elapsed: 0.03 s  <<< ERROR!
java.lang.NullPointerException: Cannot invoke "org.openqa.selenium.WebDriver.close()" because "this.driver" is null

